  exception.cpp
C:\opencv\build\include\opencv2\core.hpp(1747,1): warning C4819: 현재 코드 페이지(949)에서 표시할 수 없는 문자가 파일에 들어 있습니다. 데이터가 손실되지 않게 하려면 해당 파일을 유니코드 형식으로 저장하십시오.
C:\opencv\build\include\opencv2\core.hpp(1747,1): warning C4819: 현재 코드 페이지(949)에서 표시할 수 없는 문자가 파일에 들어 있습니다. 데이터가 손실되지 않게 하려면 해당 파일을 유니코드 형식으로 저장하십시오.
C:\opencv\build\include\opencv2\core.hpp(1747,1): warning C4819: 현재 코드 페이지(949)에서 표시할 수 없는 문자가 파일에 들어 있습니다. 데이터가 손실되지 않게 하려면 해당 파일을 유니코드 형식으로 저장하십시오.
C:\opencv\build\include\opencv2\objdetect\aruco_board.hpp(1,1): warning C4819: 현재 코드 페이지(949)에서 표시할 수 없는 문자가 파일에 들어 있습니다. 데이터가 손실되지 않게 하려면 해당 파일을 유니코드 형식으로 저장하십시오.
  saturate_cast.cpp
C:\opencv\build\include\opencv2\core.hpp(1747,1): warning C4819: 현재 코드 페이지(949)에서 표시할 수 없는 문자가 파일에 들어 있습니다. 데이터가 손실되지 않게 하려면 해당 파일을 유니코드 형식으로 저장하십시오.
C:\opencv\build\include\opencv2\core.hpp(1747,1): warning C4819: 현재 코드 페이지(949)에서 표시할 수 없는 문자가 파일에 들어 있습니다. 데이터가 손실되지 않게 하려면 해당 파일을 유니코드 형식으로 저장하십시오.
C:\opencv\build\include\opencv2\core.hpp(1747,1): warning C4819: 현재 코드 페이지(949)에서 표시할 수 없는 문자가 파일에 들어 있습니다. 데이터가 손실되지 않게 하려면 해당 파일을 유니코드 형식으로 저장하십시오.
C:\opencv\build\include\opencv2\objdetect\aruco_board.hpp(1,1): warning C4819: 현재 코드 페이지(949)에서 표시할 수 없는 문자가 파일에 들어 있습니다. 데이터가 손실되지 않게 하려면 해당 파일을 유니코드 형식으로 저장하십시오.
C:\Users\dksdu\OneDrive\바탕 화면\openCV\openCV_review\saturate_cast.cpp(12,13): warning C4305: '=': 'int'에서 '_Tp'(으)로 잘립니다.
          with
          [
              _Tp=uchar
          ]
C:\Users\dksdu\OneDrive\바탕 화면\openCV\openCV_review\saturate_cast.cpp(12,13): warning C4309: '=': 상수 값이 잘립니다.
C:\Users\dksdu\OneDrive\바탕 화면\openCV\openCV_review\saturate_cast.cpp(17,13): warning C4305: '=': 'int'에서 '_Tp'(으)로 잘립니다.
          with
          [
              _Tp=ushort
          ]
C:\Users\dksdu\OneDrive\바탕 화면\openCV\openCV_review\saturate_cast.cpp(17,13): warning C4309: '=': 상수 값이 잘립니다.
  코드를 생성하고 있습니다...
  openCV_review.vcxproj -> C:\Users\dksdu\OneDrive\바탕 화면\openCV\openCV_review\x64\Debug\openCV_review.exe
