c:\users\dksdu\onedrive\바탕 화면\opencv\cv_ex_01\x64\debug\vc143.pdb
c:\users\dksdu\onedrive\바탕 화면\opencv\cv_ex_01\x64\debug\vc143.idb
c:\users\dksdu\onedrive\바탕 화면\opencv\cv_ex_01\x64\debug\vec.obj
c:\users\dksdu\onedrive\바탕 화면\opencv\cv_ex_01\x64\debug\size.obj
c:\users\dksdu\onedrive\바탕 화면\opencv\cv_ex_01\x64\debug\scalar.obj
c:\users\dksdu\onedrive\바탕 화면\opencv\cv_ex_01\x64\debug\rotatedrect.obj
c:\users\dksdu\onedrive\바탕 화면\opencv\cv_ex_01\x64\debug\rect.obj
c:\users\dksdu\onedrive\바탕 화면\opencv\cv_ex_01\x64\debug\point3.obj
c:\users\dksdu\onedrive\바탕 화면\opencv\cv_ex_01\x64\debug\point2.obj
c:\users\dksdu\onedrive\바탕 화면\opencv\cv_ex_01\x64\debug\mat_init1.obj
c:\users\dksdu\onedrive\바탕 화면\opencv\cv_ex_01\x64\debug\mat.obj
c:\users\dksdu\onedrive\바탕 화면\opencv\cv_ex_01\x64\debug\first.obj
c:\users\dksdu\onedrive\바탕 화면\opencv\cv_ex_01\x64\debug\test.obj
c:\users\dksdu\onedrive\바탕 화면\opencv\cv_ex_01\x64\debug\caffe.obj
c:\users\dksdu\onedrive\바탕 화면\opencv\cv_ex_01\x64\debug\face_detection.obj
c:\users\dksdu\onedrive\바탕 화면\opencv\cv_ex_01\x64\debug\torch.obj
c:\users\dksdu\onedrive\바탕 화면\opencv\cv_ex_01\x64\debug\cv_ex_01.lib
c:\users\dksdu\onedrive\바탕 화면\opencv\cv_ex_01\x64\debug\cv_ex_01.exp
c:\users\dksdu\onedrive\바탕 화면\opencv\cv_ex_01\x64\debug\cv_ex_01.exe
c:\users\dksdu\onedrive\바탕 화면\opencv\cv_ex_01\x64\debug\cv_ex_01.ilk
c:\users\dksdu\onedrive\바탕 화면\opencv\cv_ex_01\x64\debug\cv_ex_01.pdb
c:\users\dksdu\onedrive\바탕 화면\opencv\cv_ex_01\x64\debug\cv_ex_01.tlog\cl.command.1.tlog
c:\users\dksdu\onedrive\바탕 화면\opencv\cv_ex_01\x64\debug\cv_ex_01.tlog\cl.items.tlog
c:\users\dksdu\onedrive\바탕 화면\opencv\cv_ex_01\x64\debug\cv_ex_01.tlog\cl.read.1.tlog
c:\users\dksdu\onedrive\바탕 화면\opencv\cv_ex_01\x64\debug\cv_ex_01.tlog\cl.write.1.tlog
c:\users\dksdu\onedrive\바탕 화면\opencv\cv_ex_01\x64\debug\cv_ex_01.tlog\link.command.1.tlog
c:\users\dksdu\onedrive\바탕 화면\opencv\cv_ex_01\x64\debug\cv_ex_01.tlog\link.read.1.tlog
c:\users\dksdu\onedrive\바탕 화면\opencv\cv_ex_01\x64\debug\cv_ex_01.tlog\link.write.1.tlog
c:\users\dksdu\onedrive\바탕 화면\opencv\cv_ex_01\x64\debug\cv_ex_01.tlog\link.write.2u.tlog
